<?xml version="1.0" encoding="UTF-8"?>
<!-- Generated by org.testng.reporters.JUnitXMLReporter -->
<testsuite ignored="0" hostname="LP-Dipali" failures="0" tests="9" name="Default test" time="28.959" errors="0" timestamp="2024-03-29T09:13:48 GMT-04:00">
  <testcase classname="api.test.DDTests" name="testPostUser" time="5.53"/>
  <testcase classname="api.test.DDTests" name="testPostUser" time="2.863"/>
  <testcase classname="api.test.DDTests" name="testPostUser" time="3.266"/>
  <testcase classname="api.test.DDTests" name="testReadUser" time="2.537"/>
  <testcase classname="api.test.DDTests" name="testReadUser" time="2.513"/>
  <testcase classname="api.test.DDTests" name="testReadUser" time="2.098"/>
  <testcase classname="api.test.DDTests" name="testDeleteUser" time="3.236"/>
  <testcase classname="api.test.DDTests" name="testDeleteUser" time="2.873"/>
  <testcase classname="api.test.DDTests" name="testDeleteUser" time="2.546"/>
</testsuite> <!-- Default test -->
