<?xml version="1.0" encoding="UTF-8"?>
<!-- Generated by org.testng.reporters.JUnitXMLReporter -->
<testsuite ignored="0" hostname="LP-Dipali" failures="0" tests="4" name="Test" time="12.402" errors="0" timestamp="2024-04-01T02:37:06 GMT-04:00">
  <testcase classname="api.test.UserTest2" name="testUserPost" time="4.247"/>
  <testcase classname="api.test.UserTest2" name="testGetUser" time="2.47"/>
  <testcase classname="api.test.UserTest2" name="testUpdateUser" time="2.535"/>
  <testcase classname="api.test.UserTest2" name="testDeleteUser" time="2.274"/>
</testsuite> <!-- Test -->
