<?xml version="1.0" encoding="UTF-8"?>
<!-- Generated by org.testng.reporters.JUnitXMLReporter -->
<testsuite ignored="0" hostname="LP-Dipali" failures="0" tests="3" name="Test" time="6.868" errors="0" timestamp="2024-04-24T22:57:06 GMT-04:00">
  <testcase classname="api.test.StoreTest" name="testStorePost" time="3.099"/>
  <testcase classname="api.test.StoreTest" name="testStoreGet" time="1.651"/>
  <testcase classname="api.test.StoreTest" name="testStoreDelete" time="1.282"/>
</testsuite> <!-- Test -->
