<?xml version="1.0" encoding="UTF-8"?>
<!-- Generated by org.testng.reporters.JUnitXMLReporter -->
<testsuite ignored="0" hostname="LP-Dipali" failures="0" tests="4" name="Test" time="11.755" errors="0" timestamp="2024-04-01T07:55:23 GMT-04:00">
  <testcase classname="api.test.UserTest2" name="testUserPost" time="3.657"/>
  <testcase classname="api.test.UserTest2" name="testGetUser" time="2.303"/>
  <testcase classname="api.test.UserTest2" name="testUpdateUser" time="2.571"/>
  <testcase classname="api.test.UserTest2" name="testDeleteUser" time="2.579"/>
</testsuite> <!-- Test -->
