<?xml version="1.0" encoding="UTF-8"?>
<testng-results ignored="0" total="4" passed="4" failed="0" skipped="0">
  <reporter-output>
  </reporter-output>
  <suite started-at="2024-04-01T07:55:11 GMT-04:00" name="Suite" finished-at="2024-04-01T07:55:22 GMT-04:00" duration-ms="11755">
    <groups>
    </groups>
    <test started-at="2024-04-01T07:55:11 GMT-04:00" name="Test" finished-at="2024-04-01T07:55:22 GMT-04:00" duration-ms="11755">
      <class name="api.test.UserTest2">
        <test-method is-config="true" signature="setUp()[pri:0, instance:api.test.UserTest2@43195e57]" started-at="2024-04-01T07:55:11 GMT-04:00" name="setUp" finished-at="2024-04-01T07:55:11 GMT-04:00" duration-ms="486" status="PASS">
          <reporter-output>
          </reporter-output>
        </test-method> <!-- setUp -->
        <test-method signature="testUserPost()[pri:1, instance:api.test.UserTest2@43195e57]" started-at="2024-04-01T07:55:11 GMT-04:00" name="testUserPost" finished-at="2024-04-01T07:55:15 GMT-04:00" duration-ms="3657" status="PASS">
          <reporter-output>
          </reporter-output>
        </test-method> <!-- testUserPost -->
        <test-method signature="testGetUser()[pri:2, instance:api.test.UserTest2@43195e57]" started-at="2024-04-01T07:55:15 GMT-04:00" name="testGetUser" finished-at="2024-04-01T07:55:17 GMT-04:00" duration-ms="2303" status="PASS">
          <reporter-output>
          </reporter-output>
        </test-method> <!-- testGetUser -->
        <test-method signature="testUpdateUser()[pri:3, instance:api.test.UserTest2@43195e57]" started-at="2024-04-01T07:55:17 GMT-04:00" name="testUpdateUser" finished-at="2024-04-01T07:55:20 GMT-04:00" duration-ms="2571" status="PASS">
          <reporter-output>
          </reporter-output>
        </test-method> <!-- testUpdateUser -->
        <test-method signature="testDeleteUser()[pri:4, instance:api.test.UserTest2@43195e57]" started-at="2024-04-01T07:55:20 GMT-04:00" name="testDeleteUser" finished-at="2024-04-01T07:55:22 GMT-04:00" duration-ms="2579" status="PASS">
          <reporter-output>
          </reporter-output>
        </test-method> <!-- testDeleteUser -->
      </class> <!-- api.test.UserTest2 -->
    </test> <!-- Test -->
  </suite> <!-- Suite -->
</testng-results>
