<?xml version="1.0" encoding="UTF-8"?>
<testsuite xmlns:xsi="http://www.w3.org/2001/XMLSchema-instance" xsi:noNamespaceSchemaLocation="https://maven.apache.org/surefire/maven-surefire-plugin/xsd/surefire-test-report-3.0.xsd" version="3.0" name="TestSuite" time="1.61" tests="1" errors="0" skipped="0" failures="1">
  <properties>
[...]
</properties>
  <testcase name="testStorePost" classname="api.test.StoreTest" time="0.518">
    <failure message="No serializer found for class com.github.javafaker.Number and no properties discovered to create BeanSerializer (to avoid exception, disable SerializationFeature.FAIL_ON_EMPTY_BEANS) (through reference chain: api.paylods.Store[&quot;quantity&quot;])" type="com.fasterxml.jackson.databind.exc.InvalidDefinitionException"><![CDATA[com.fasterxml.jackson.databind.exc.InvalidDefinitionException: No serializer found for class com.github.javafaker.Number and no properties discovered to create BeanSerializer (to avoid exception, disable SerializationFeature.FAIL_ON_EMPTY_BEANS) (through reference chain: api.paylods.Store["quantity"])
	at api.test.StoreTest.testStorePost(StoreTest.java:42)
]]></failure>
    <system-out><![CDATA[Onstart method
Ontestfailure method
]]></system-out>
  </testcase>
</testsuite>