<?xml version="1.0" encoding="UTF-8"?>
<testng-results ignored="0" total="4" passed="4" failed="0" skipped="0">
  <reporter-output>
  </reporter-output>
  <suite started-at="2024-04-01T02:36:54 GMT-04:00" name="Suite" finished-at="2024-04-01T02:37:06 GMT-04:00" duration-ms="12402">
    <groups>
    </groups>
    <test started-at="2024-04-01T02:36:54 GMT-04:00" name="Test" finished-at="2024-04-01T02:37:06 GMT-04:00" duration-ms="12402">
      <class name="api.test.UserTest2">
        <test-method is-config="true" signature="setUp()[pri:0, instance:api.test.UserTest2@bcec361]" started-at="2024-04-01T02:36:54 GMT-04:00" name="setUp" finished-at="2024-04-01T02:36:54 GMT-04:00" duration-ms="594" status="PASS">
          <reporter-output>
          </reporter-output>
        </test-method> <!-- setUp -->
        <test-method signature="testUserPost()[pri:1, instance:api.test.UserTest2@bcec361]" started-at="2024-04-01T02:36:54 GMT-04:00" name="testUserPost" finished-at="2024-04-01T02:36:59 GMT-04:00" duration-ms="4247" status="PASS">
          <reporter-output>
          </reporter-output>
        </test-method> <!-- testUserPost -->
        <test-method signature="testGetUser()[pri:2, instance:api.test.UserTest2@bcec361]" started-at="2024-04-01T02:36:59 GMT-04:00" name="testGetUser" finished-at="2024-04-01T02:37:01 GMT-04:00" duration-ms="2470" status="PASS">
          <reporter-output>
          </reporter-output>
        </test-method> <!-- testGetUser -->
        <test-method signature="testUpdateUser()[pri:3, instance:api.test.UserTest2@bcec361]" started-at="2024-04-01T02:37:01 GMT-04:00" name="testUpdateUser" finished-at="2024-04-01T02:37:04 GMT-04:00" duration-ms="2535" status="PASS">
          <reporter-output>
          </reporter-output>
        </test-method> <!-- testUpdateUser -->
        <test-method signature="testDeleteUser()[pri:4, instance:api.test.UserTest2@bcec361]" started-at="2024-04-01T02:37:04 GMT-04:00" name="testDeleteUser" finished-at="2024-04-01T02:37:06 GMT-04:00" duration-ms="2274" status="PASS">
          <reporter-output>
          </reporter-output>
        </test-method> <!-- testDeleteUser -->
      </class> <!-- api.test.UserTest2 -->
    </test> <!-- Test -->
  </suite> <!-- Suite -->
</testng-results>
