<?xml version="1.0" encoding="UTF-8"?>
<testng-results ignored="0" total="3" passed="3" failed="0" skipped="0">
  <reporter-output>
  </reporter-output>
  <suite started-at="2024-04-24T22:56:59 GMT-04:00" name="Suite" finished-at="2024-04-24T22:57:06 GMT-04:00" duration-ms="6868">
    <groups>
    </groups>
    <test started-at="2024-04-24T22:56:59 GMT-04:00" name="Test" finished-at="2024-04-24T22:57:06 GMT-04:00" duration-ms="6868">
      <class name="api.test.StoreTest">
        <test-method is-config="true" signature="setUp()[pri:0, instance:api.test.StoreTest@26d9b808]" started-at="2024-04-24T22:56:59 GMT-04:00" name="setUp" finished-at="2024-04-24T22:57:00 GMT-04:00" duration-ms="526" status="PASS">
          <reporter-output>
          </reporter-output>
        </test-method> <!-- setUp -->
        <test-method signature="testStorePost()[pri:1, instance:api.test.StoreTest@26d9b808]" started-at="2024-04-24T22:57:00 GMT-04:00" name="testStorePost" finished-at="2024-04-24T22:57:03 GMT-04:00" duration-ms="3099" status="PASS">
          <reporter-output>
          </reporter-output>
        </test-method> <!-- testStorePost -->
        <test-method signature="testStoreGet()[pri:2, instance:api.test.StoreTest@26d9b808]" started-at="2024-04-24T22:57:03 GMT-04:00" name="testStoreGet" finished-at="2024-04-24T22:57:05 GMT-04:00" duration-ms="1651" status="PASS">
          <reporter-output>
          </reporter-output>
        </test-method> <!-- testStoreGet -->
        <test-method signature="testStoreDelete()[pri:3, instance:api.test.StoreTest@26d9b808]" started-at="2024-04-24T22:57:05 GMT-04:00" name="testStoreDelete" finished-at="2024-04-24T22:57:06 GMT-04:00" duration-ms="1282" status="PASS">
          <reporter-output>
          </reporter-output>
        </test-method> <!-- testStoreDelete -->
      </class> <!-- api.test.StoreTest -->
    </test> <!-- Test -->
  </suite> <!-- Suite -->
</testng-results>
